<html>
<head>
<title>TestNG:  Test</title>
<link href="../testng.css" rel="stylesheet" type="text/css" />
<link href="../my-testng.css" rel="stylesheet" type="text/css" />

<style type="text/css">
.log { display: none;} 
.stack-trace { display: none;} 
</style>
<script type="text/javascript">
<!--
function flip(e) {
  current = e.style.display;
  if (current == 'block') {
    e.style.display = 'none';
    return 0;
  }
  else {
    e.style.display = 'block';
    return 1;
  }
}

function toggleBox(szDivId, elem, msg1, msg2)
{
  var res = -1;  if (document.getElementById) {
    res = flip(document.getElementById(szDivId));
  }
  else if (document.all) {
    // this is the way old msie versions work
    res = flip(document.all[szDivId]);
  }
  if(elem) {
    if(res == 0) elem.innerHTML = msg1; else elem.innerHTML = msg2;
  }

}

function toggleAllBoxes() {
  if (document.getElementsByTagName) {
    d = document.getElementsByTagName('div');
    for (i = 0; i < d.length; i++) {
      if (d[i].className == 'log') {
        flip(d[i]);
      }
    }
  }
}

// -->
</script>

</head>
<body>
<h2 align='center'>Test</h2><table border='1' align="center">
<tr>
<td>Tests passed/Failed/Skipped:</td><td>4/2/0</td>
</tr><tr>
<td>Started on:</td><td>Thu Mar 21 19:57:44 CET 2019</td>
</tr>
<tr><td>Total time:</td><td>88 seconds (88941 ms)</td>
</tr><tr>
<td>Included groups:</td><td></td>
</tr><tr>
<td>Excluded groups:</td><td></td>
</tr>
</table><p/>
<small><i>(Hover the method name to see the test class name)</i></small><p/>
<table width='100%' border='1' class='invocation-failed'>
<tr><td colspan='4' align='center'><b>FAILED TESTS</b></td></tr>
<tr><td><b>Test method</b></td>
<td width="30%"><b>Exception</b></td>
<td width="10%"><b>Time (seconds)</b></td>
<td><b>Instance</b></td>
</tr>
<tr>
<td title='com.mercurytours.tests.FlightsTest.oneWayTripWithAirlinePreferenceTest()'><b>oneWayTripWithAirlinePreferenceTest</b><br>Test class: com.mercurytours.tests.FlightsTest<br>Test method: One way trip with airline preference test</td>
<td><div><pre>java.lang.AssertionError: Onward flight must not be displayed when one way flight is selected expected [false] but found [true]
	at com.mercurytours.pages.FlightsPage.oneWayTripWithAirlinePreference(FlightsPage.java:155)
	at com.mercurytours.tests.FlightsTest.oneWayTripWithAirlinePreferenceTest(FlightsTest.java:34)
... Removed 28 stack frames</pre></div><a href='#' onClick='toggleBox("stack-trace457893088", this, "Click to show all stack frames", "Click to hide stack frames")'>Click to show all stack frames</a>
<div class='stack-trace' id='stack-trace457893088'><pre>java.lang.AssertionError: Onward flight must not be displayed when one way flight is selected expected [false] but found [true]
	at org.testng.Assert.fail(Assert.java:96)
	at org.testng.Assert.failNotEquals(Assert.java:776)
	at org.testng.Assert.assertFalse(Assert.java:65)
	at com.mercurytours.pages.FlightsPage.oneWayTripWithAirlinePreference(FlightsPage.java:155)
	at com.mercurytours.tests.FlightsTest.oneWayTripWithAirlinePreferenceTest(FlightsTest.java:34)
	at sun.reflect.NativeMethodAccessorImpl.invoke0(Native Method)
	at sun.reflect.NativeMethodAccessorImpl.invoke(Unknown Source)
	at sun.reflect.DelegatingMethodAccessorImpl.invoke(Unknown Source)
	at java.lang.reflect.Method.invoke(Unknown Source)
	at org.testng.internal.MethodInvocationHelper.invokeMethod(MethodInvocationHelper.java:124)
	at org.testng.internal.Invoker.invokeMethod(Invoker.java:583)
	at org.testng.internal.Invoker.invokeTestMethod(Invoker.java:719)
	at org.testng.internal.Invoker.invokeTestMethods(Invoker.java:989)
	at org.testng.internal.TestMethodWorker.invokeTestMethods(TestMethodWorker.java:125)
	at org.testng.internal.TestMethodWorker.run(TestMethodWorker.java:109)
	at org.testng.TestRunner.privateRun(TestRunner.java:648)
	at org.testng.TestRunner.run(TestRunner.java:505)
	at org.testng.SuiteRunner.runTest(SuiteRunner.java:455)
	at org.testng.SuiteRunner.runSequentially(SuiteRunner.java:450)
	at org.testng.SuiteRunner.privateRun(SuiteRunner.java:415)
	at org.testng.SuiteRunner.run(SuiteRunner.java:364)
	at org.testng.SuiteRunnerWorker.runSuite(SuiteRunnerWorker.java:52)
	at org.testng.SuiteRunnerWorker.run(SuiteRunnerWorker.java:84)
	at org.testng.TestNG.runSuitesSequentially(TestNG.java:1208)
	at org.testng.TestNG.runSuitesLocally(TestNG.java:1137)
	at org.testng.TestNG.runSuites(TestNG.java:1049)
	at org.testng.TestNG.run(TestNG.java:1017)
	at org.testng.remote.AbstractRemoteTestNG.run(AbstractRemoteTestNG.java:115)
	at org.testng.remote.RemoteTestNG.initAndRun(RemoteTestNG.java:251)
	at org.testng.remote.RemoteTestNG.main(RemoteTestNG.java:77)
</pre></div></td>
<td>3</td>
<td>com.mercurytours.tests.FlightsTest@51399530</td></tr>
<tr>
<td title='com.mercurytours.tests.FlightsTest.oneWayTripWithEconomyClassTest()'><b>oneWayTripWithEconomyClassTest</b><br>Test class: com.mercurytours.tests.FlightsTest<br>Test method: One way trip with economy class test</td>
<td><div><pre>java.lang.AssertionError: Onward flight must not be displayed when one way flight is selected expected [false] but found [true]
	at com.mercurytours.pages.FlightsPage.oneWayTripWithEconomyClass(FlightsPage.java:130)
	at com.mercurytours.tests.FlightsTest.oneWayTripWithEconomyClassTest(FlightsTest.java:28)
... Removed 28 stack frames</pre></div><a href='#' onClick='toggleBox("stack-trace2058569241", this, "Click to show all stack frames", "Click to hide stack frames")'>Click to show all stack frames</a>
<div class='stack-trace' id='stack-trace2058569241'><pre>java.lang.AssertionError: Onward flight must not be displayed when one way flight is selected expected [false] but found [true]
	at org.testng.Assert.fail(Assert.java:96)
	at org.testng.Assert.failNotEquals(Assert.java:776)
	at org.testng.Assert.assertFalse(Assert.java:65)
	at com.mercurytours.pages.FlightsPage.oneWayTripWithEconomyClass(FlightsPage.java:130)
	at com.mercurytours.tests.FlightsTest.oneWayTripWithEconomyClassTest(FlightsTest.java:28)
	at sun.reflect.NativeMethodAccessorImpl.invoke0(Native Method)
	at sun.reflect.NativeMethodAccessorImpl.invoke(Unknown Source)
	at sun.reflect.DelegatingMethodAccessorImpl.invoke(Unknown Source)
	at java.lang.reflect.Method.invoke(Unknown Source)
	at org.testng.internal.MethodInvocationHelper.invokeMethod(MethodInvocationHelper.java:124)
	at org.testng.internal.Invoker.invokeMethod(Invoker.java:583)
	at org.testng.internal.Invoker.invokeTestMethod(Invoker.java:719)
	at org.testng.internal.Invoker.invokeTestMethods(Invoker.java:989)
	at org.testng.internal.TestMethodWorker.invokeTestMethods(TestMethodWorker.java:125)
	at org.testng.internal.TestMethodWorker.run(TestMethodWorker.java:109)
	at org.testng.TestRunner.privateRun(TestRunner.java:648)
	at org.testng.TestRunner.run(TestRunner.java:505)
	at org.testng.SuiteRunner.runTest(SuiteRunner.java:455)
	at org.testng.SuiteRunner.runSequentially(SuiteRunner.java:450)
	at org.testng.SuiteRunner.privateRun(SuiteRunner.java:415)
	at org.testng.SuiteRunner.run(SuiteRunner.java:364)
	at org.testng.SuiteRunnerWorker.runSuite(SuiteRunnerWorker.java:52)
	at org.testng.SuiteRunnerWorker.run(SuiteRunnerWorker.java:84)
	at org.testng.TestNG.runSuitesSequentially(TestNG.java:1208)
	at org.testng.TestNG.runSuitesLocally(TestNG.java:1137)
	at org.testng.TestNG.runSuites(TestNG.java:1049)
	at org.testng.TestNG.run(TestNG.java:1017)
	at org.testng.remote.AbstractRemoteTestNG.run(AbstractRemoteTestNG.java:115)
	at org.testng.remote.RemoteTestNG.initAndRun(RemoteTestNG.java:251)
	at org.testng.remote.RemoteTestNG.main(RemoteTestNG.java:77)
</pre></div></td>
<td>2</td>
<td>com.mercurytours.tests.FlightsTest@51399530</td></tr>
</table><p>
<table width='100%' border='1' class='invocation-passed'>
<tr><td colspan='4' align='center'><b>PASSED TESTS</b></td></tr>
<tr><td><b>Test method</b></td>
<td width="30%"><b>Exception</b></td>
<td width="10%"><b>Time (seconds)</b></td>
<td><b>Instance</b></td>
</tr>
<tr>
<td title='com.mercurytours.tests.SignOnTest.loginTest()'><b>loginTest</b><br>Test class: com.mercurytours.tests.SignOnTest<br>Test method: Sign-on and sogn-off test</td>
<td></td>
<td>2</td>
<td>com.mercurytours.tests.SignOnTest@6771beb3</td></tr>
<tr>
<td title='com.mercurytours.tests.RegisterUserTest.registerNewUserTest()'><b>registerNewUserTest</b><br>Test class: com.mercurytours.tests.RegisterUserTest<br>Test method: Register new user test<br>Parameters: Santosh, Kumar, +420778491597, Pague address, Prague, Praha, 102 00, CZECH REPUBLIC, admin, admin@123, admin@123</td>
<td></td>
<td>4</td>
<td>com.mercurytours.tests.RegisterUserTest@5e0e82ae</td></tr>
<tr>
<td title='com.mercurytours.tests.FlightsTest.roundTripWithAirlinePreferenceTest()'><b>roundTripWithAirlinePreferenceTest</b><br>Test class: com.mercurytours.tests.FlightsTest<br>Test method: Round trip with airline preference test</td>
<td></td>
<td>8</td>
<td>com.mercurytours.tests.FlightsTest@51399530</td></tr>
<tr>
<td title='com.mercurytours.tests.FlightsTest.roundTripWithEconomyClassTest()'><b>roundTripWithEconomyClassTest</b><br>Test class: com.mercurytours.tests.FlightsTest<br>Test method: Round trip with economy class test</td>
<td></td>
<td>7</td>
<td>com.mercurytours.tests.FlightsTest@51399530</td></tr>
</table><p>
</body>
</html>